<?xml version="1.0" encoding="UTF-8"?>
<testsuite name="com.integrationFlows.OutBoundIntegrationFlowTest" tests="4" skipped="4" failures="0" errors="0" timestamp="2019-04-01T00:14:14" hostname="Gilberts-MBP" time="0.001">
  <properties/>
  <testcase name="returns true if count number of message in a queue on rabbitMQ is 3" classname="com.integrationFlows.OutBoundIntegrationFlowTest" time="0.0">
    <skipped/>
  </testcase>
  <testcase name="test received messages are the same sent" classname="com.integrationFlows.OutBoundIntegrationFlowTest" time="0.0">
    <skipped/>
  </testcase>
  <testcase name="return true if a message in the queue is purged or deleted returns true if messages count is 0" classname="com.integrationFlows.OutBoundIntegrationFlowTest" time="0.0">
    <skipped/>
  </testcase>
  <testcase name="test sending messages" classname="com.integrationFlows.OutBoundIntegrationFlowTest" time="0.0">
    <skipped/>
  </testcase>
  <system-out><![CDATA[]]></system-out>
  <system-err><![CDATA[Mar 31, 2019 7:14:13 PM org.springframework.boot.test.context.SpringBootTestContextBootstrapper buildDefaultMergedContextConfiguration
INFO: Neither @ContextConfiguration nor @ContextHierarchy found for test class [com.integrationFlows.OutBoundIntegrationFlowTest], using SpringBootContextLoader
Mar 31, 2019 7:14:13 PM org.springframework.test.context.support.AbstractContextLoader generateDefaultLocations
INFO: Could not detect default resource locations for test class [com.integrationFlows.OutBoundIntegrationFlowTest]: no resource found for suffixes {-context.xml, Context.groovy}.
Mar 31, 2019 7:14:14 PM org.springframework.boot.test.context.SpringBootTestContextBootstrapper getDefaultTestExecutionListenerClassNames
INFO: Loaded default TestExecutionListener class names from location [META-INF/spring.factories]: [org.springframework.test.context.web.ServletTestExecutionListener, org.springframework.test.context.support.DirtiesContextBeforeModesTestExecutionListener, org.springframework.test.context.support.DependencyInjectionTestExecutionListener, org.springframework.test.context.support.DirtiesContextTestExecutionListener, org.springframework.test.context.transaction.TransactionalTestExecutionListener, org.springframework.test.context.jdbc.SqlScriptsTestExecutionListener, org.springframework.boot.test.autoconfigure.restdocs.RestDocsTestExecutionListener, org.springframework.boot.test.autoconfigure.web.client.MockRestServiceServerResetTestExecutionListener, org.springframework.boot.test.autoconfigure.web.servlet.MockMvcPrintOnlyOnFailureTestExecutionListener, org.springframework.boot.test.autoconfigure.web.servlet.WebDriverTestExecutionListener, org.springframework.boot.test.mock.mockito.MockitoTestExecutionListener, org.springframework.boot.test.mock.mockito.ResetMocksTestExecutionListener]
Mar 31, 2019 7:14:14 PM org.springframework.boot.test.context.SpringBootTestContextBootstrapper getTestExecutionListeners
INFO: Using TestExecutionListeners: [org.springframework.test.context.web.ServletTestExecutionListener@22cf73ed, org.springframework.test.context.support.DirtiesContextBeforeModesTestExecutionListener@83f613b, org.springframework.boot.test.mock.mockito.MockitoTestExecutionListener@6d06e6e9, org.springframework.boot.test.autoconfigure.SpringBootDependencyInjectionTestExecutionListener@698b6abd, org.springframework.test.context.support.DirtiesContextTestExecutionListener@30023c7a, org.springframework.test.context.transaction.TransactionalTestExecutionListener@43c7b5f8, org.springframework.test.context.jdbc.SqlScriptsTestExecutionListener@192c32c7, org.springframework.boot.test.autoconfigure.restdocs.RestDocsTestExecutionListener@2b406ddd, org.springframework.boot.test.autoconfigure.web.client.MockRestServiceServerResetTestExecutionListener@a807523, org.springframework.boot.test.autoconfigure.web.servlet.MockMvcPrintOnlyOnFailureTestExecutionListener@741679fe, org.springframework.boot.test.autoconfigure.web.servlet.WebDriverTestExecutionListener@cd4c7b1, org.springframework.boot.test.mock.mockito.ResetMocksTestExecutionListener@24526d73]
]]></system-err>
</testsuite>
